2025-01-15 16:59:28,348 - Log file for this run: /Users/kyroz/Documents/VSCode/max78000-model/ai8x-training/logs/2025.01.15-165928/2025.01.15-165928.log
2025-01-15 16:59:28,348 - The open file limit is 256. Please raise the limit (see documentation).
2025-01-15 16:59:28,349 - Configuring device: MAX78000, simulate=True.
2025-01-15 16:59:28,474 - => loading checkpoint ../ai8x-synthesis/trained/ai85-flood-qat8-q.pth.tar
2025-01-15 16:59:28,478 - => Checkpoint contents:
+----------------------+-------------+--------------+
| Key                  | Type        | Value        |
|----------------------+-------------+--------------|
| arch                 | str         | ai85floodnet |
| compression_sched    | dict        |              |
| epoch                | int         | 9            |
| extras               | dict        |              |
| optimizer_state_dict | dict        |              |
| optimizer_type       | type        | Adam         |
| state_dict           | OrderedDict |              |
+----------------------+-------------+--------------+

2025-01-15 16:59:28,478 - => Checkpoint['extras'] contents:
+-----------------+--------+-------------------+
| Key             | Type   | Value             |
|-----------------+--------+-------------------|
| best_epoch      | int    | 9                 |
| best_mAP        | int    | 0                 |
| best_top1       | float  | 97.95918367346938 |
| clipping_method | str    | MAX_BIT_SHIFT     |
| current_mAP     | int    | 0                 |
| current_top1    | float  | 97.95918367346938 |
+-----------------+--------+-------------------+

2025-01-15 16:59:28,481 - Loaded compression schedule from checkpoint (epoch 9)
2025-01-15 16:59:28,520 - => loaded 'state_dict' from checkpoint '../ai8x-synthesis/trained/ai85-flood-qat8-q.pth.tar'
2025-01-15 16:59:28,536 - Optimizer Type: <class 'torch.optim.sgd.SGD'>
2025-01-15 16:59:28,536 - Optimizer Args: {'lr': 0.1, 'momentum': 0.9, 'dampening': 0, 'weight_decay': 0.0001, 'nesterov': False, 'maximize': False, 'foreach': None, 'differentiable': False, 'fused': None}
2025-01-15 16:59:28,568 - torch.compile() not available, using "eager" mode
2025-01-15 16:59:28,569 - Dataset sizes:
	test=238
2025-01-15 16:59:28,569 - --- test (ckpt) ---------------------
2025-01-15 16:59:28,569 - 238 samples (256 per mini-batch)
2025-01-15 16:59:40,954 - Test: [    1/    1]    Loss 0.132909    Top1 97.478992    
2025-01-15 16:59:45,970 - ==> Top1: 97.479    Loss: 0.133

2025-01-15 16:59:45,972 - ==> Confusion:
[[107   5]
 [  1 125]]

2025-01-15 16:59:45,975 - 
2025-01-15 16:59:45,975 - Log file for this run: /Users/kyroz/Documents/VSCode/max78000-model/ai8x-training/logs/2025.01.15-165928/2025.01.15-165928.log
